 
****************************************
Report : area
Design : Equalizer
Version: T-2022.03-SP3
Date   : Sat Apr 29 20:11:35 2023
****************************************

Library(s) Used:

    saed32lvt_tt0p85v25c (File: /cae/apps/data/saed32_edk-2022/lib/stdcell_lvt/db_nldm/saed32lvt_tt0p85v25c.db)

Number of ports:                           28
Number of nets:                         24343
Number of cells:                        18504
Number of combinational cells:          17154
Number of sequential cells:              1341
Number of macros/black boxes:               0
Number of buf/inv:                       1489
Number of references:                      59

Combinational area:              53137.951917
Buf/Inv area:                     2130.489182
Noncombinational area:            9558.610132
Macro/Black Box area:                0.000000
Net Interconnect area:           11490.608882

Total cell area:                 62696.562050
Total area:                      74187.170931
1
